[LOG] System::create                           : Header version = 1.10.08. Current version = 1.10.08.
[LOG] SystemI::setOutputInternal               : Setting output to 'FMOD Core Audio Output'
[LOG] Manager::init                            : maxchannels = 1024 studioflags = 00000009 flags 00000000 extradriverdata 0x0.
[LOG] SystemI::init                            : Initialize version=11008 (96768), maxchannels=1024, flags=0x00030000
[LOG] OutputCoreAudio::enumerate               : Enumerating...
[LOG] OutputCoreAudio::enumerate               : Found output driver: "Built-in Output".
[LOG] OutputCoreAudio::enumerate               : Found output driver: "Soundflower (2ch)".
[LOG] OutputCoreAudio::enumerate               : Found output driver: "Soundflower (64ch)".
[LOG] OutputCoreAudio::enumerate               : Found output driver: "Audio-Feedback".
[LOG] OutputCoreAudio::enumerate               : Done.
[LOG] OutputCoreAudio::init                    : Output running 2 channels at 44100Hz sample rate.
[LOG] OutputCoreAudio::init                    : Maximum hardware read size: 1024 samples, Software buffer size: 512 samples, Number of software buffers: 4.
[WRN] SystemI::init                            : Output requires a sample rate of 44100Hz, resampling will occur.
[LOG] Thread::initThread                       : Init FMOD stream thread. Priority: 2, Stack Size: 65536, Semaphore: No, Sleep Time: 10, Looping: Yes.
[LOG] SystemI::DSPCodecPoolRegister            : register codec pool for pool type 5
[LOG] Thread::initThread                       : Init FMOD mixer thread. Priority: 3, Stack Size: 49152, Semaphore: Yes, Sleep Time: 0, Looping: Yes.
[LOG] AsyncManager::init                       : manager 0x174efbe08 isAsync 1 updatePeriod 0.02
[LOG] Thread::initThread                       : Init FMOD Studio update thread. Priority: 0, Stack Size: 65536, Semaphore: No, Sleep Time: 1, Looping: No.
[LOG] AsyncManager::init                       : done
[LOG] PlaybackSystem::init                     : 
[LOG] Thread::initThread                       : Init FMOD Studio sample load thread. Priority: 0, Stack Size: 65536, Semaphore: No, Sleep Time: 1, Looping: No.
[LOG] PlaybackSystem::init                     : done
[LOG] LiveUpdate::init                         : 
[LOG] Thread::initThread                       : Init FMOD Studio bank load thread. Priority: 0, Stack Size: 65536, Semaphore: No, Sleep Time: 1, Looping: No.
[LOG] Manager::init                            : done.
[LOG] Profile::init                            : Profiler listening on port: 9264
[LOG] Manager::readBank                        : fileversion = 100, compatVersion = 99 (oldest = 44, newest = 100)
[LOG] Manager::readBank                        : fileversion = 100, compatVersion = 99 (oldest = 44, newest = 100)
[LOG] PlaybackSystem::acquireMasterBus         : Setting master channel group format to 6
[LOG] SystemI::createSoundInternal             : Create name='', mode=0x02000202
[LOG] SystemI::createSoundInternal             : exinfo->cbsize             = 232
[LOG] SystemI::createSoundInternal             : exinfo->length             = 4867968
[LOG] SystemI::createSoundInternal             : exinfo->fileoffset         = 29792
[LOG] SystemI::createSoundInternal             : exinfo->numsubsounds       = 1
[LOG] SystemI::createSoundInternal             : exinfo->inclusionlist      = 0x7000008247bc
[LOG] SystemI::createSoundInternal             : exinfo->inclusionlistnum   = 1
[LOG] SystemI::createSoundInternal             : exinfo->suggestedsoundtype = 5
[LOG] SystemI::createSoundInternal             : exinfo->useropen           = 0x147e2cf9f
[LOG] SystemI::createSoundInternal             : exinfo->userclose          = 0x147e2d05b
[LOG] SystemI::createSoundInternal             : exinfo->userread           = 0x147e2d08b
[LOG] SystemI::createSoundInternal             : exinfo->userseek           = 0x147e2d128
[LOG] SystemI::createSoundInternal             : exinfo->fileuserdata       = 0x141c8fdf8
[LOG] SystemI::createSoundInternal             : exinfo->initialseekpostype = 1
[LOG] SystemI::DSPCodecPoolRegister            : register codec pool for pool type 5
[LOG] SystemI::createSoundInternal             : Sample 0/1: name='FootstepsWoodHeavy-007', format=2, channels=1, frequency=48000, lengthbytes=4576, lengthpcm=76796, pcmblocksize=0, loopstart=0, loopend=0, mode=0x00000000, channelmask=0x00000000, channelorder=0, peakvolume=0.180862.
[LOG] SystemI::createSoundInternal             : Create name='', mode=0x02000202
[LOG] SystemI::createSoundInternal             : exinfo->cbsize             = 232
[LOG] SystemI::createSoundInternal             : exinfo->length             = 4867968
[LOG] SystemI::createSoundInternal             : exinfo->fileoffset         = 29792
[LOG] SystemI::createSoundInternal             : exinfo->numsubsounds       = 1
[LOG] SystemI::createSoundInternal             : exinfo->inclusionlist      = 0x7000008247bc
[LOG] SystemI::createSoundInternal             : exinfo->inclusionlistnum   = 1
[LOG] SystemI::createSoundInternal             : exinfo->suggestedsoundtype = 5
[LOG] SystemI::createSoundInternal             : exinfo->useropen           = 0x147e2cf9f
[LOG] SystemI::createSoundInternal             : exinfo->userclose          = 0x147e2d05b
[LOG] SystemI::createSoundInternal             : exinfo->userread           = 0x147e2d08b
[LOG] SystemI::createSoundInternal             : exinfo->userseek           = 0x147e2d128
[LOG] SystemI::createSoundInternal             : exinfo->fileuserdata       = 0x141c8fdf8
[LOG] SystemI::createSoundInternal             : exinfo->initialseekpostype = 1
[LOG] SystemI::DSPCodecPoolRegister            : register codec pool for pool type 5
[LOG] SystemI::createSoundInternal             : Sample 0/1: name='ALoopStart', format=2, channels=2, frequency=48000, lengthbytes=107488, lengthpcm=408189, pcmblocksize=0, loopstart=0, loopend=0, mode=0x00000000, channelmask=0x00000000, channelorder=0, peakvolume=0.812225.
[LOG] SystemI::createSoundInternal             : Create name='', mode=0x02000202
[LOG] SystemI::createSoundInternal             : exinfo->cbsize             = 232
[LOG] SystemI::createSoundInternal             : exinfo->length             = 4867968
[LOG] SystemI::createSoundInternal             : exinfo->fileoffset         = 29792
[LOG] SystemI::createSoundInternal             : exinfo->numsubsounds       = 1
[LOG] SystemI::createSoundInternal             : exinfo->inclusionlist      = 0x7000008247bc
[LOG] SystemI::createSoundInternal             : exinfo->inclusionlistnum   = 1
[LOG] SystemI::createSoundInternal             : exinfo->suggestedsoundtype = 5
[LOG] SystemI::createSoundInternal             : exinfo->useropen           = 0x147e2cf9f
[LOG] SystemI::createSoundInternal             : exinfo->userclose          = 0x147e2d05b
[LOG] SystemI::createSoundInternal             : exinfo->userread           = 0x147e2d08b
[LOG] SystemI::createSoundInternal             : exinfo->userseek           = 0x147e2d128
[LOG] SystemI::createSoundInternal             : exinfo->fileuserdata       = 0x141c8fdf8
[LOG] SystemI::createSoundInternal             : exinfo->initialseekpostype = 1
[LOG] SystemI::DSPCodecPoolRegister            : register codec pool for pool type 5
[LOG] SystemI::createSoundInternal             : Sample 0/1: name='Whoosh_2', format=2, channels=1, frequency=48000, lengthbytes=2560, lengthpcm=14914, pcmblocksize=0, loopstart=0, loopend=0, mode=0x00000000, channelmask=0x00000000, channelorder=0, peakvolume=0.998352.
[LOG] SystemI::createSoundInternal             : Create name='', mode=0x02000202
[LOG] SystemI::createSoundInternal             : exinfo->cbsize             = 232
[LOG] SystemI::createSoundInternal             : exinfo->length             = 4867968
[LOG] SystemI::createSoundInternal             : exinfo->fileoffset         = 29792
[LOG] SystemI::createSoundInternal             : exinfo->numsubsounds       = 1
[LOG] SystemI::createSoundInternal             : exinfo->inclusionlist      = 0x7000008247bc
[LOG] SystemI::createSoundInternal             : exinfo->inclusionlistnum   = 1
[LOG] SystemI::createSoundInternal             : exinfo->suggestedsoundtype = 5
[LOG] SystemI::createSoundInternal             : exinfo->useropen           = 0x147e2cf9f
[LOG] SystemI::createSoundInternal             : exinfo->userclose          = 0x147e2d05b
[LOG] SystemI::createSoundInternal             : exinfo->userread           = 0x147e2d08b
[LOG] SystemI::createSoundInternal             : exinfo->userseek           = 0x147e2d128
[LOG] SystemI::createSoundInternal             : exinfo->fileuserdata       = 0x141c8fdf8
[LOG] SystemI::createSoundInternal             : exinfo->initialseekpostype = 1
[LOG] SystemI::DSPCodecPoolRegister            : register codec pool for pool type 5
[LOG] SystemI::createSoundInternal             : Sample 0/1: name='Squech_2', format=2, channels=1, frequency=48000, lengthbytes=9920, lengthpcm=49758, pcmblocksize=0, loopstart=0, loopend=0, mode=0x00000000, channelmask=0x00000000, channelorder=0, peakvolume=0.735779.
[LOG] SystemI::createSoundInternal             : Create name='', mode=0x02000202
[LOG] SystemI::createSoundInternal             : exinfo->cbsize             = 232
[LOG] SystemI::createSoundInternal             : exinfo->length             = 4867968
[LOG] SystemI::createSoundInternal             : exinfo->fileoffset         = 29792
[LOG] SystemI::createSoundInternal             : exinfo->numsubsounds       = 1
[LOG] SystemI::createSoundInternal             : exinfo->inclusionlist      = 0x7000008247bc
[LOG] SystemI::createSoundInternal             : exinfo->inclusionlistnum   = 1
[LOG] SystemI::createSoundInternal             : exinfo->suggestedsoundtype = 5
[LOG] SystemI::createSoundInternal             : exinfo->useropen           = 0x147e2cf9f
[LOG] SystemI::createSoundInternal             : exinfo->userclose          = 0x147e2d05b
[LOG] SystemI::createSoundInternal             : exinfo->userread           = 0x147e2d08b
[LOG] SystemI::createSoundInternal             : exinfo->userseek           = 0x147e2d128
[LOG] SystemI::createSoundInternal             : exinfo->fileuserdata       = 0x141c8fdf8
[LOG] SystemI::createSoundInternal             : exinfo->initialseekpostype = 1
[LOG] SystemI::DSPCodecPoolRegister            : register codec pool for pool type 5
[LOG] SystemI::createSoundInternal             : Sample 0/1: name='FootstepsWoodHeavy-004', format=2, channels=1, frequency=48000, lengthbytes=4608, lengthpcm=74596, pcmblocksize=0, loopstart=0, loopend=0, mode=0x00000000, channelmask=0x00000000, channelorder=0, peakvolume=0.213637.
[LOG] SystemI::createSoundInternal             : Create name='', mode=0x02000202
[LOG] SystemI::createSoundInternal             : exinfo->cbsize             = 232
[LOG] SystemI::createSoundInternal             : exinfo->length             = 4867968
[LOG] SystemI::createSoundInternal             : exinfo->fileoffset         = 29792
[LOG] SystemI::createSoundInternal             : exinfo->numsubsounds       = 1
[LOG] SystemI::createSoundInternal             : exinfo->inclusionlist      = 0x7000008247bc
[LOG] SystemI::createSoundInternal             : exinfo->inclusionlistnum   = 1
[LOG] SystemI::createSoundInternal             : exinfo->suggestedsoundtype = 5
[LOG] SystemI::createSoundInternal             : exinfo->useropen           = 0x147e2cf9f
[LOG] SystemI::createSoundInternal             : exinfo->userclose          = 0x147e2d05b
[LOG] SystemI::createSoundInternal             : exinfo->userread           = 0x147e2d08b
[LOG] SystemI::createSoundInternal             : exinfo->userseek           = 0x147e2d128
[LOG] SystemI::createSoundInternal             : exinfo->fileuserdata       = 0x141c8fdf8
[LOG] SystemI::createSoundInternal             : exinfo->initialseekpostype = 1
[LOG] SystemI::DSPCodecPoolRegister            : register codec pool for pool type 5
[LOG] SystemI::createSoundInternal             : Sample 0/1: name='Grunt_3F', format=2, channels=1, frequency=48000, lengthbytes=7840, lengthpcm=46108, pcmblocksize=0, loopstart=0, loopend=0, mode=0x00000000, channelmask=0x00000000, channelorder=0, peakvolume=0.903442.
[LOG] SystemI::createSoundInternal             : Create name='', mode=0x02000202
[LOG] SystemI::createSoundInternal             : exinfo->cbsize             = 232
[LOG] SystemI::createSoundInternal             : exinfo->length             = 4867968
[LOG] SystemI::createSoundInternal             : exinfo->fileoffset         = 29792
[LOG] SystemI::createSoundInternal             : exinfo->numsubsounds       = 1
[LOG] SystemI::createSoundInternal             : exinfo->inclusionlist      = 0x7000008247bc
[LOG] SystemI::createSoundInternal             : exinfo->inclusionlistnum   = 1
[LOG] SystemI::createSoundInternal             : exinfo->suggestedsoundtype = 5
[LOG] SystemI::createSoundInternal             : exinfo->useropen           = 0x147e2cf9f
[LOG] SystemI::createSoundInternal             : exinfo->userclose          = 0x147e2d05b
[LOG] SystemI::createSoundInternal             : exinfo->userread           = 0x147e2d08b
[LOG] SystemI::createSoundInternal             : exinfo->userseek           = 0x147e2d128
[LOG] SystemI::createSoundInternal             : exinfo->fileuserdata       = 0x141c8fdf8
[LOG] SystemI::createSoundInternal             : exinfo->initialseekpostype = 1
[LOG] SystemI::DSPCodecPoolRegister            : register codec pool for pool type 5
[LOG] SystemI::createSoundInternal             : Sample 0/1: name='Squech_3', format=2, channels=1, frequency=48000, lengthbytes=9120, lengthpcm=49758, pcmblocksize=0, loopstart=0, loopend=0, mode=0x00000000, channelmask=0x00000000, channelorder=0, peakvolume=0.372803.
[LOG] SystemI::createSoundInternal             : Create name='', mode=0x02000202
[LOG] SystemI::createSoundInternal             : exinfo->cbsize             = 232
[LOG] SystemI::createSoundInternal             : exinfo->length             = 4867968
[LOG] SystemI::createSoundInternal             : exinfo->fileoffset         = 29792
[LOG] SystemI::createSoundInternal             : exinfo->numsubsounds       = 1
[LOG] SystemI::createSoundInternal             : exinfo->inclusionlist      = 0x7000008247bc
[LOG] SystemI::createSoundInternal             : exinfo->inclusionlistnum   = 1
[LOG] SystemI::createSoundInternal             : exinfo->suggestedsoundtype = 5
[LOG] SystemI::createSoundInternal             : exinfo->useropen           = 0x147e2cf9f
[LOG] SystemI::createSoundInternal             : exinfo->userclose          = 0x147e2d05b
[LOG] SystemI::createSoundInternal             : exinfo->userread           = 0x147e2d08b
[LOG] SystemI::createSoundInternal             : exinfo->userseek           = 0x147e2d128
[LOG] SystemI::createSoundInternal             : exinfo->fileuserdata       = 0x141c8fdf8
[LOG] SystemI::createSoundInternal             : exinfo->initialseekpostype = 1
[LOG] SystemI::DSPCodecPoolRegister            : register codec pool for pool type 5
[LOG] SystemI::createSoundInternal             : Sample 0/1: name='ALoopCont', format=2, channels=2, frequency=48000, lengthbytes=108256, lengthpcm=408189, pcmblocksize=0, loopstart=0, loopend=0, mode=0x00000000, channelmask=0x00000000, channelorder=0, peakvolume=0.802460.
[LOG] SystemI::createSoundInternal             : Create name='', mode=0x02000202
[LOG] SystemI::createSoundInternal             : exinfo->cbsize             = 232
[LOG] SystemI::createSoundInternal             : exinfo->length             = 4867968
[LOG] SystemI::createSoundInternal             : exinfo->fileoffset         = 29792
[LOG] SystemI::createSoundInternal             : exinfo->numsubsounds       = 1
[LOG] SystemI::createSoundInternal             : exinfo->inclusionlist      = 0x7000008247bc
[LOG] SystemI::createSoundInternal             : exinfo->inclusionlistnum   = 1
[LOG] SystemI::createSoundInternal             : exinfo->suggestedsoundtype = 5
[LOG] SystemI::createSoundInternal             : exinfo->useropen           = 0x147e2cf9f
[LOG] SystemI::createSoundInternal             : exinfo->userclose          = 0x147e2d05b
[LOG] SystemI::createSoundInternal             : exinfo->userread           = 0x147e2d08b
[LOG] SystemI::createSoundInternal             : exinfo->userseek           = 0x147e2d128
[LOG] SystemI::createSoundInternal             : exinfo->fileuserdata       = 0x141c8fdf8
[LOG] SystemI::createSoundInternal             : exinfo->initialseekpostype = 1
[LOG] SystemI::DSPCodecPoolRegister            : register codec pool for pool type 5
[LOG] SystemI::createSoundInternal             : Sample 0/1: name='FootstepsWoodHeavy-005', format=2, channels=1, frequency=48000, lengthbytes=4160, lengthpcm=72923, pcmblocksize=0, loopstart=0, loopend=0, mode=0x00000000, channelmask=0x00000000, channelorder=0, peakvolume=0.176130.
[LOG] SystemI::createSoundInternal             : Create name='', mode=0x02000202
[LOG] SystemI::createSoundInternal             : exinfo->cbsize             = 232
[LOG] SystemI::createSoundInternal             : exinfo->length             = 4867968
[LOG] SystemI::createSoundInternal             : exinfo->fileoffset         = 29792
[LOG] SystemI::createSoundInternal             : exinfo->numsubsounds       = 1
[LOG] SystemI::createSoundInternal             : exinfo->inclusionlist      = 0x7000008247bc
[LOG] SystemI::createSoundInternal             : exinfo->inclusionlistnum   = 1
[LOG] SystemI::createSoundInternal             : exinfo->suggestedsoundtype = 5
[LOG] SystemI::createSoundInternal             : exinfo->useropen           = 0x147e2cf9f
[LOG] SystemI::createSoundInternal             : exinfo->userclose          = 0x147e2d05b
[LOG] SystemI::createSoundInternal             : exinfo->userread           = 0x147e2d08b
[LOG] SystemI::createSoundInternal             : exinfo->userseek           = 0x147e2d128
[LOG] SystemI::createSoundInternal             : exinfo->fileuserdata       = 0x141c8fdf8
[LOG] SystemI::createSoundInternal             : exinfo->initialseekpostype = 1
[LOG] SystemI::DSPCodecPoolRegister            : register codec pool for pool type 5
[LOG] SystemI::createSoundInternal             : Sample 0/1: name='FootstepsWoodHeavy-006', format=2, channels=1, frequency=48000, lengthbytes=3616, lengthpcm=69665, pcmblocksize=0, loopstart=0, loopend=0, mode=0x00000000, channelmask=0x00000000, channelorder=0, peakvolume=0.147792.
[LOG] SystemI::createSoundInternal             : Create name='', mode=0x02000202
[LOG] SystemI::createSoundInternal             : exinfo->cbsize             = 232
[LOG] SystemI::createSoundInternal             : exinfo->length             = 4867968
[LOG] SystemI::createSoundInternal             : exinfo->fileoffset         = 29792
[LOG] SystemI::createSoundInternal             : exinfo->numsubsounds       = 1
[LOG] SystemI::createSoundInternal             : exinfo->inclusionlist      = 0x7000008247bc
[LOG] SystemI::createSoundInternal             : exinfo->inclusionlistnum   = 1
[LOG] SystemI::createSoundInternal             : exinfo->suggestedsoundtype = 5
[LOG] SystemI::createSoundInternal             : exinfo->useropen           = 0x147e2cf9f
[LOG] SystemI::createSoundInternal             : exinfo->userclose          = 0x147e2d05b
[LOG] SystemI::createSoundInternal             : exinfo->userread           = 0x147e2d08b
[LOG] SystemI::createSoundInternal             : exinfo->userseek           = 0x147e2d128
[LOG] SystemI::createSoundInternal             : exinfo->fileuserdata       = 0x141c8fdf8
[LOG] SystemI::createSoundInternal             : exinfo->initialseekpostype = 1
[LOG] SystemI::DSPCodecPoolRegister            : register codec pool for pool type 5
[LOG] SystemI::createSoundInternal             : Sample 0/1: name='Whoosh_3', format=2, channels=1, frequency=48000, lengthbytes=2432, lengthpcm=14914, pcmblocksize=0, loopstart=0, loopend=0, mode=0x00000000, channelmask=0x00000000, channelorder=0, peakvolume=0.994690.
[LOG] SystemI::createSoundInternal             : Create name='', mode=0x02000202
[LOG] SystemI::createSoundInternal             : exinfo->cbsize             = 232
[LOG] SystemI::createSoundInternal             : exinfo->length             = 4867968
[LOG] SystemI::createSoundInternal             : exinfo->fileoffset         = 29792
[LOG] SystemI::createSoundInternal             : exinfo->numsubsounds       = 1
[LOG] SystemI::createSoundInternal             : exinfo->inclusionlist      = 0x7000008247bc
[LOG] SystemI::createSoundInternal             : exinfo->inclusionlistnum   = 1
[LOG] SystemI::createSoundInternal             : exinfo->suggestedsoundtype = 5
[LOG] SystemI::createSoundInternal             : exinfo->useropen           = 0x147e2cf9f
[LOG] SystemI::createSoundInternal             : exinfo->userclose          = 0x147e2d05b
[LOG] SystemI::createSoundInternal             : exinfo->userread           = 0x147e2d08b
[LOG] SystemI::createSoundInternal             : exinfo->userseek           = 0x147e2d128
[LOG] SystemI::createSoundInternal             : exinfo->fileuserdata       = 0x141c8fdf8
[LOG] SystemI::createSoundInternal             : exinfo->initialseekpostype = 1
[LOG] SystemI::DSPCodecPoolRegister            : register codec pool for pool type 5
[LOG] SystemI::createSoundInternal             : Sample 0/1: name='Grunt_1F', format=2, channels=1, frequency=48000, lengthbytes=6560, lengthpcm=37815, pcmblocksize=0, loopstart=0, loopend=0, mode=0x00000000, channelmask=0x00000000, channelorder=0, peakvolume=0.319611.
[LOG] SystemI::createSoundInternal             : Create name='', mode=0x02000202
[LOG] SystemI::createSoundInternal             : exinfo->cbsize             = 232
[LOG] SystemI::createSoundInternal             : exinfo->length             = 4867968
[LOG] SystemI::createSoundInternal             : exinfo->fileoffset         = 29792
[LOG] SystemI::createSoundInternal             : exinfo->numsubsounds       = 1
[LOG] SystemI::createSoundInternal             : exinfo->inclusionlist      = 0x7000008247bc
[LOG] SystemI::createSoundInternal             : exinfo->inclusionlistnum   = 1
[LOG] SystemI::createSoundInternal             : exinfo->suggestedsoundtype = 5
[LOG] SystemI::createSoundInternal             : exinfo->useropen           = 0x147e2cf9f
[LOG] SystemI::createSoundInternal             : exinfo->userclose          = 0x147e2d05b
[LOG] SystemI::createSoundInternal             : exinfo->userread           = 0x147e2d08b
[LOG] SystemI::createSoundInternal             : exinfo->userseek           = 0x147e2d128
[LOG] SystemI::createSoundInternal             : exinfo->fileuserdata       = 0x141c8fdf8
[LOG] SystemI::createSoundInternal             : exinfo->initialseekpostype = 1
[LOG] SystemI::DSPCodecPoolRegister            : register codec pool for pool type 5
[LOG] SystemI::createSoundInternal             : Sample 0/1: name='Whoosh_1', format=2, channels=1, frequency=48000, lengthbytes=2656, lengthpcm=14914, pcmblocksize=0, loopstart=0, loopend=0, mode=0x00000000, channelmask=0x00000000, channelorder=0, peakvolume=0.995911.
[LOG] SystemI::createSoundInternal             : Create name='', mode=0x02000202
[LOG] SystemI::createSoundInternal             : exinfo->cbsize             = 232
[LOG] SystemI::createSoundInternal             : exinfo->length             = 4867968
[LOG] SystemI::createSoundInternal             : exinfo->fileoffset         = 29792
[LOG] SystemI::createSoundInternal             : exinfo->numsubsounds       = 1
[LOG] SystemI::createSoundInternal             : exinfo->inclusionlist      = 0x7000008247bc
[LOG] SystemI::createSoundInternal             : exinfo->inclusionlistnum   = 1
[LOG] SystemI::createSoundInternal             : exinfo->suggestedsoundtype = 5
[LOG] SystemI::createSoundInternal             : exinfo->useropen           = 0x147e2cf9f
[LOG] SystemI::createSoundInternal             : exinfo->userclose          = 0x147e2d05b
[LOG] SystemI::createSoundInternal             : exinfo->userread           = 0x147e2d08b
[LOG] SystemI::createSoundInternal             : exinfo->userseek           = 0x147e2d128
[LOG] SystemI::createSoundInternal             : exinfo->fileuserdata       = 0x141c8fdf8
[LOG] SystemI::createSoundInternal             : exinfo->initialseekpostype = 1
[LOG] SystemI::DSPCodecPoolRegister            : register codec pool for pool type 5
[LOG] SystemI::createSoundInternal             : Sample 0/1: name='Squech_1', format=2, channels=1, frequency=48000, lengthbytes=8480, lengthpcm=49758, pcmblocksize=0, loopstart=0, loopend=0, mode=0x00000000, channelmask=0x00000000, channelorder=0, peakvolume=0.846710.
[LOG] SystemI::createSoundInternal             : Create name='', mode=0x02000202
[LOG] SystemI::createSoundInternal             : exinfo->cbsize             = 232
[LOG] SystemI::createSoundInternal             : exinfo->length             = 4867968
[LOG] SystemI::createSoundInternal             : exinfo->fileoffset         = 29792
[LOG] SystemI::createSoundInternal             : exinfo->numsubsounds       = 1
[LOG] SystemI::createSoundInternal             : exinfo->inclusionlist      = 0x7000008247bc
[LOG] SystemI::createSoundInternal             : exinfo->inclusionlistnum   = 1
[LOG] SystemI::createSoundInternal             : exinfo->suggestedsoundtype = 5
[LOG] SystemI::createSoundInternal             : exinfo->useropen           = 0x147e2cf9f
[LOG] SystemI::createSoundInternal             : exinfo->userclose          = 0x147e2d05b
[LOG] SystemI::createSoundInternal             : exinfo->userread           = 0x147e2d08b
[LOG] SystemI::createSoundInternal             : exinfo->userseek           = 0x147e2d128
[LOG] SystemI::createSoundInternal             : exinfo->fileuserdata       = 0x141c8fdf8
[LOG] SystemI::createSoundInternal             : exinfo->initialseekpostype = 1
[LOG] SystemI::DSPCodecPoolRegister            : register codec pool for pool type 5
[LOG] SystemI::createSoundInternal             : Sample 0/1: name='Grunt_2F', format=2, channels=1, frequency=48000, lengthbytes=8096, lengthpcm=45113, pcmblocksize=0, loopstart=0, loopend=0, mode=0x00000000, channelmask=0x00000000, channelorder=0, peakvolume=0.354126.
[LOG] SystemI::createSoundInternal             : Create name='', mode=0x02000202
[LOG] SystemI::createSoundInternal             : exinfo->cbsize             = 232
[LOG] SystemI::createSoundInternal             : exinfo->length             = 4867968
[LOG] SystemI::createSoundInternal             : exinfo->fileoffset         = 29792
[LOG] SystemI::createSoundInternal             : exinfo->numsubsounds       = 1
[LOG] SystemI::createSoundInternal             : exinfo->inclusionlist      = 0x7000008247bc
[LOG] SystemI::createSoundInternal             : exinfo->inclusionlistnum   = 1
[LOG] SystemI::createSoundInternal             : exinfo->suggestedsoundtype = 5
[LOG] SystemI::createSoundInternal             : exinfo->useropen           = 0x147e2cf9f
[LOG] SystemI::createSoundInternal             : exinfo->userclose          = 0x147e2d05b
[LOG] SystemI::createSoundInternal             : exinfo->userread           = 0x147e2d08b
[LOG] SystemI::createSoundInternal             : exinfo->userseek           = 0x147e2d128
[LOG] SystemI::createSoundInternal             : exinfo->fileuserdata       = 0x141c8fdf8
[LOG] SystemI::createSoundInternal             : exinfo->initialseekpostype = 1
[LOG] SystemI::DSPCodecPoolRegister            : register codec pool for pool type 5
[LOG] SystemI::createSoundInternal             : Sample 0/1: name='FootstepsWoodHeavy-002', format=2, channels=1, frequency=48000, lengthbytes=4480, lengthpcm=72816, pcmblocksize=0, loopstart=0, loopend=0, mode=0x00000000, channelmask=0x00000000, channelorder=0, peakvolume=0.129753.
[LOG] SystemI::createSoundInternal             : Create name='', mode=0x02000202
[LOG] SystemI::createSoundInternal             : exinfo->cbsize             = 232
[LOG] SystemI::createSoundInternal             : exinfo->length             = 4867968
[LOG] SystemI::createSoundInternal             : exinfo->fileoffset         = 29792
[LOG] SystemI::createSoundInternal             : exinfo->numsubsounds       = 1
[LOG] SystemI::createSoundInternal             : exinfo->inclusionlist      = 0x7000008247bc
[LOG] SystemI::createSoundInternal             : exinfo->inclusionlistnum   = 1
[LOG] SystemI::createSoundInternal             : exinfo->suggestedsoundtype = 5
[LOG] SystemI::createSoundInternal             : exinfo->useropen           = 0x147e2cf9f
[LOG] SystemI::createSoundInternal             : exinfo->userclose          = 0x147e2d05b
[LOG] SystemI::createSoundInternal             : exinfo->userread           = 0x147e2d08b
[LOG] SystemI::createSoundInternal             : exinfo->userseek           = 0x147e2d128
[LOG] SystemI::createSoundInternal             : exinfo->fileuserdata       = 0x141c8fdf8
[LOG] SystemI::createSoundInternal             : exinfo->initialseekpostype = 1
[LOG] SystemI::DSPCodecPoolRegister            : register codec pool for pool type 5
[LOG] SystemI::createSoundInternal             : Sample 0/1: name='FootstepsWoodHeavy-003', format=2, channels=1, frequency=48000, lengthbytes=4384, lengthpcm=73413, pcmblocksize=0, loopstart=0, loopend=0, mode=0x00000000, channelmask=0x00000000, channelorder=0, peakvolume=0.136524.
[LOG] SystemI::createSoundInternal             : Create name='', mode=0x02000202
[LOG] SystemI::createSoundInternal             : exinfo->cbsize             = 232
[LOG] SystemI::createSoundInternal             : exinfo->length             = 4867968
[LOG] SystemI::createSoundInternal             : exinfo->fileoffset         = 29792
[LOG] SystemI::createSoundInternal             : exinfo->numsubsounds       = 1
[LOG] SystemI::createSoundInternal             : exinfo->inclusionlist      = 0x7000008247bc
[LOG] SystemI::createSoundInternal             : exinfo->inclusionlistnum   = 1
[LOG] SystemI::createSoundInternal             : exinfo->suggestedsoundtype = 5
[LOG] SystemI::createSoundInternal             : exinfo->useropen           = 0x147e2cf9f
[LOG] SystemI::createSoundInternal             : exinfo->userclose          = 0x147e2d05b
[LOG] SystemI::createSoundInternal             : exinfo->userread           = 0x147e2d08b
[LOG] SystemI::createSoundInternal             : exinfo->userseek           = 0x147e2d128
[LOG] SystemI::createSoundInternal             : exinfo->fileuserdata       = 0x141c8fdf8
[LOG] SystemI::createSoundInternal             : exinfo->initialseekpostype = 1
[LOG] SystemI::DSPCodecPoolRegister            : register codec pool for pool type 5
[LOG] SystemI::createSoundInternal             : Sample 0/1: name='FootstepsWoodHeavy-001', format=2, channels=1, frequency=48000, lengthbytes=4928, lengthpcm=76615, pcmblocksize=0, loopstart=0, loopend=0, mode=0x00000000, channelmask=0x00000000, channelorder=0, peakvolume=0.136745.
[LOG] SystemI::createSound                     : filename = PointySong/Build/Desktop/Master Bank.bank : mode 02010082
[LOG] SystemI::createSound                     : FMOD_NONBLOCKING specified.  Putting into queue to be opened asynchronously!
[LOG] Thread::initThread                       : Init FMOD nonblocking thread (0). Priority: 1, Stack Size: 81920, Semaphore: Yes, Sleep Time: 0, Looping: Yes.
[LOG] SystemI::createSound                     : setdata soundi = 0x142704d78 : node = 0x14076c280
[LOG] SystemI::createSound                     : add node to async list : head = 0x1474070f8.  list count = 0
[LOG] AsyncThread::threadFunc                  : Starting Asynchronous operation on sound 0x142704d78
[LOG] SystemI::createSoundInternal             :     Create name='PointySong/Build/Desktop/Master Bank.bank', mode=0x02010082
[LOG] SystemI::createSoundInternal             :     exinfo->cbsize             = 232
[LOG] SystemI::createSoundInternal             :     exinfo->length             = 4867968
[LOG] SystemI::createSoundInternal             :     exinfo->fileoffset         = 29792
[LOG] SystemI::createSoundInternal             :     exinfo->numsubsounds       = 1
[LOG] SystemI::createSoundInternal             :     exinfo->inclusionlist      = 0x14076c398
[LOG] SystemI::createSoundInternal             :     exinfo->inclusionlistnum   = 1
[LOG] SystemI::createSoundInternal             :     exinfo->suggestedsoundtype = 5
[LOG] SystemI::createSoundInternal             :     exinfo->initialseekpostype = 1
[LOG] SystemI::createSoundInternal             :     Stream 0/1: name='MelodyLeadIn', format=2, channels=2, frequency=48000, lengthbytes=7680, lengthpcm=816377, pcmblocksize=0, loopstart=0, loopend=0, mode=0x00000000, channelmask=0x00000000, channelorder=0, peakvolume=0.371887.
[LOG] Thread::initThread                       :     Init FMOD file thread. Priority: 1, Stack Size: 16384, Semaphore: No, Sleep Time: 10, Looping: Yes.
[LOG] AsyncThread::threadFunc                  : Finished Asynchronous operation on sound 0x142704d78
[LOG] SoundI::getSubSound                      : sound 0x142704d78.  Subsound index 0 / 1
[LOG] SoundI::release                          : MelodyLeadIn (0x142704d78)
[LOG] SoundI::release                          :     MelodyLeadIn (0x12ae7ff78)
[LOG] SoundI::release                          :     MelodyLeadIn (0x12ae80108)
[LOG] SoundI::release                          :  (0x141c86db8)
[LOG] SoundI::release                          :     FootstepsWoodHeavy-001 (0x141c86f28)
[LOG] SoundI::release                          :  (0x141c86908)
[LOG] SoundI::release                          :     FootstepsWoodHeavy-003 (0x141c86a78)
[LOG] SoundI::release                          :  (0x141c8ddd8)
[LOG] SoundI::release                          :     FootstepsWoodHeavy-004 (0x141c8df48)
[LOG] SoundI::release                          :  (0x141c8c6f8)
[LOG] SoundI::release                          :     FootstepsWoodHeavy-005 (0x141c8c868)
[LOG] SoundI::release                          :  (0x141c8cba8)
[LOG] SoundI::release                          :     FootstepsWoodHeavy-006 (0x141c8b1d8)
[LOG] SoundI::release                          :  (0x141c914e8)
[LOG] SoundI::release                          :     FootstepsWoodHeavy-007 (0x141c8f328)
[LOG] SoundI::release                          :  (0x141c88d38)
[LOG] SoundI::release                          :     FootstepsWoodHeavy-002 (0x141c88168)
[LOG] SoundI::release                          :  (0x141c901b8)
[LOG] SoundI::release                          :     Grunt_1F (0x141c8ac28)
[LOG] SoundI::release                          :  (0x141c88888)
[LOG] SoundI::release                          :     Grunt_2F (0x141c889f8)
[LOG] SoundI::release                          :  (0x141c8e288)
[LOG] SoundI::release                          :     Grunt_3F (0x141c8e3f8)
[LOG] SoundI::release                          :  (0x141c89ec8)
[LOG] SoundI::release                          :     Whoosh_1 (0x141c8a038)
[LOG] SoundI::release                          :  (0x141c8d478)
[LOG] SoundI::release                          :     Whoosh_2 (0x141c8d5e8)
[LOG] SoundI::release                          :  (0x141c8b518)
[LOG] SoundI::release                          :     Whoosh_3 (0x141c8b688)
[LOG] SoundI::release                          :  (0x141c8a378)
[LOG] SoundI::release                          :     Squech_1 (0x141c89918)
[LOG] SoundI::release                          :  (0x141c8d928)
[LOG] SoundI::release                          :     Squech_2 (0x141c8da98)
[LOG] SoundI::release                          :  (0x141c8bd98)
[LOG] SoundI::release                          :     Squech_3 (0x141c8bf08)
[LOG] SoundI::release                          :  (0x141c8c248)
[LOG] SoundI::release                          :     ALoopCont (0x141c8c3b8)
[LOG] SoundI::release                          :  (0x141c8f668)
[LOG] SoundI::release                          :     ALoopStart (0x141c8d138)
[LOG] Thread::callback                         : FMOD Studio update thread finished.
[LOG] Thread::callback                         : FMOD Studio bank load thread finished.
[LOG] Profile::disconnectAll                   : Profiler disconnecting all clients
[LOG] Thread::callback                         : FMOD Studio sample load thread finished.
[LOG] LiveUpdate::release                      : 
[LOG] LiveUpdate::reset                        : Reset connection (reason Disconnected)
[LOG] Thread::callback                         : FMOD stream thread finished.
[LOG] Thread::callback                         : FMOD mixer thread finished.
[LOG] Profile::disconnectAll                   : Profiler disconnecting all clients
[LOG] Thread::callback                         : FMOD nonblocking thread (0) finished.
[LOG] Thread::callback                         : FMOD file thread finished.
[LOG] SystemI::close                           : Closed.
